<?xml version="1.0" encoding="UTF-8"?>
<coverage generated="1721651277139" clover="3.2.0">
  <project timestamp="1721651277139" name="All files">
    <metrics statements="151" coveredstatements="132" conditionals="70" coveredconditionals="55" methods="71" coveredmethods="56" elements="292" coveredelements="243" complexity="0" loc="151" ncloc="151" packages="2" files="4" classes="4"/>
    <package name="src">
      <metrics statements="15" coveredstatements="0" conditionals="5" coveredconditionals="0" methods="10" coveredmethods="0"/>
      <file name="App.tsx" path="/Users/parkjihan/Documents/github/front_2nd/packages/assignment-6/src/App.tsx">
        <metrics statements="14" coveredstatements="0" conditionals="5" coveredconditionals="0" methods="9" coveredmethods="0"/>
        <line num="6" count="0" type="stmt"/>
        <line num="33" count="0" type="stmt"/>
        <line num="48" count="0" type="stmt"/>
        <line num="49" count="0" type="stmt"/>
        <line num="50" count="0" type="stmt"/>
        <line num="51" count="0" type="stmt"/>
        <line num="53" count="0" type="stmt"/>
        <line num="54" count="0" type="stmt"/>
        <line num="55" count="0" type="cond" truecount="0" falsecount="2"/>
        <line num="59" count="0" type="stmt"/>
        <line num="60" count="0" type="stmt"/>
        <line num="63" count="0" type="stmt"/>
        <line num="64" count="0" type="stmt"/>
        <line num="73" count="0" type="stmt"/>
      </file>
      <file name="forLintError.ts" path="/Users/parkjihan/Documents/github/front_2nd/packages/assignment-6/src/forLintError.ts">
        <metrics statements="1" coveredstatements="0" conditionals="0" coveredconditionals="0" methods="1" coveredmethods="0"/>
        <line num="2" count="0" type="stmt"/>
      </file>
    </package>
    <package name="src.components">
      <metrics statements="136" coveredstatements="132" conditionals="65" coveredconditionals="55" methods="61" coveredmethods="56"/>
      <file name="AdminPage.tsx" path="/Users/parkjihan/Documents/github/front_2nd/packages/assignment-6/src/components/AdminPage.tsx">
        <metrics statements="73" coveredstatements="72" conditionals="29" coveredconditionals="22" methods="33" coveredmethods="33"/>
        <line num="12" count="1" type="stmt"/>
        <line num="13" count="23" type="stmt"/>
        <line num="14" count="23" type="stmt"/>
        <line num="15" count="23" type="stmt"/>
        <line num="16" count="23" type="stmt"/>
        <line num="22" count="23" type="stmt"/>
        <line num="23" count="23" type="stmt"/>
        <line num="30" count="23" type="stmt"/>
        <line num="31" count="1" type="stmt"/>
        <line num="32" count="1" type="stmt"/>
        <line num="33" count="1" type="cond" truecount="1" falsecount="1"/>
        <line num="34" count="0" type="stmt"/>
        <line num="36" count="1" type="stmt"/>
        <line num="38" count="1" type="stmt"/>
        <line num="43" count="23" type="stmt"/>
        <line num="44" count="2" type="stmt"/>
        <line num="48" count="23" type="stmt"/>
        <line num="49" count="1" type="cond" truecount="3" falsecount="1"/>
        <line num="50" count="1" type="stmt"/>
        <line num="51" count="1" type="stmt"/>
        <line num="56" count="23" type="stmt"/>
        <line num="57" count="1" type="cond" truecount="3" falsecount="1"/>
        <line num="58" count="1" type="stmt"/>
        <line num="59" count="1" type="stmt"/>
        <line num="64" count="23" type="stmt"/>
        <line num="65" count="1" type="cond" truecount="1" falsecount="1"/>
        <line num="66" count="1" type="stmt"/>
        <line num="67" count="1" type="stmt"/>
        <line num="71" count="23" type="stmt"/>
        <line num="72" count="1" type="stmt"/>
        <line num="73" count="1" type="cond" truecount="1" falsecount="1"/>
        <line num="74" count="1" type="stmt"/>
        <line num="75" count="1" type="stmt"/>
        <line num="76" count="1" type="stmt"/>
        <line num="80" count="23" type="stmt"/>
        <line num="81" count="1" type="stmt"/>
        <line num="82" count="1" type="cond" truecount="3" falsecount="1"/>
        <line num="83" count="1" type="stmt"/>
        <line num="87" count="1" type="stmt"/>
        <line num="88" count="1" type="stmt"/>
        <line num="89" count="1" type="stmt"/>
        <line num="93" count="23" type="stmt"/>
        <line num="94" count="2" type="stmt"/>
        <line num="95" count="2" type="cond" truecount="1" falsecount="1"/>
        <line num="96" count="2" type="stmt"/>
        <line num="98" count="3" type="stmt"/>
        <line num="100" count="2" type="stmt"/>
        <line num="101" count="2" type="stmt"/>
        <line num="105" count="23" type="stmt"/>
        <line num="106" count="1" type="stmt"/>
        <line num="107" count="1" type="stmt"/>
        <line num="115" count="23" type="stmt"/>
        <line num="116" count="1" type="stmt"/>
        <line num="117" count="1" type="stmt"/>
        <line num="118" count="1" type="stmt"/>
        <line num="124" count="1" type="stmt"/>
        <line num="134" count="1" type="stmt"/>
        <line num="148" count="1" type="stmt"/>
        <line num="158" count="1" type="stmt"/>
        <line num="168" count="1" type="stmt"/>
        <line num="185" count="1" type="stmt"/>
        <line num="199" count="1" type="stmt"/>
        <line num="208" count="1" type="stmt"/>
        <line num="217" count="1" type="stmt"/>
        <line num="228" count="2" type="stmt"/>
        <line num="240" count="1" type="stmt"/>
        <line num="247" count="1" type="stmt"/>
        <line num="251" count="1" type="stmt"/>
        <line num="274" count="2" type="stmt"/>
        <line num="295" count="1" type="stmt"/>
        <line num="302" count="1" type="stmt"/>
        <line num="308" count="1" type="stmt"/>
        <line num="318" count="1" type="stmt"/>
      </file>
      <file name="CartPage.tsx" path="/Users/parkjihan/Documents/github/front_2nd/packages/assignment-6/src/components/CartPage.tsx">
        <metrics statements="63" coveredstatements="60" conditionals="36" coveredconditionals="33" methods="28" coveredmethods="23"/>
        <line num="9" count="1" type="stmt"/>
        <line num="10" count="43" type="stmt"/>
        <line num="11" count="43" type="stmt"/>
        <line num="14" count="43" type="stmt"/>
        <line num="15" count="22" type="stmt"/>
        <line num="16" count="22" type="cond" truecount="1" falsecount="1"/>
        <line num="18" count="22" type="stmt"/>
        <line num="19" count="22" type="stmt"/>
        <line num="20" count="22" type="cond" truecount="2" falsecount="0"/>
        <line num="21" count="19" type="stmt"/>
        <line num="22" count="19" type="cond" truecount="1" falsecount="1"/>
        <line num="27" count="3" type="stmt"/>
        <line num="31" count="43" type="stmt"/>
        <line num="32" count="0" type="stmt"/>
        <line num="35" count="43" type="stmt"/>
        <line num="36" count="18" type="stmt"/>
        <line num="37" count="18" type="stmt"/>
        <line num="38" count="54" type="cond" truecount="2" falsecount="0"/>
        <line num="39" count="18" type="stmt"/>
        <line num="40" count="18" type="stmt"/>
        <line num="41" count="18" type="cond" truecount="1" falsecount="1"/>
        <line num="43" count="36" type="stmt"/>
        <line num="44" count="54" type="stmt"/>
        <line num="48" count="43" type="stmt"/>
        <line num="49" count="43" type="stmt"/>
        <line num="50" count="43" type="stmt"/>
        <line num="52" count="43" type="stmt"/>
        <line num="53" count="85" type="stmt"/>
        <line num="54" count="85" type="stmt"/>
        <line num="55" count="85" type="stmt"/>
        <line num="57" count="85" type="stmt"/>
        <line num="58" count="85" type="cond" truecount="4" falsecount="0"/>
        <line num="61" count="85" type="stmt"/>
        <line num="64" count="43" type="stmt"/>
        <line num="67" count="43" type="cond" truecount="2" falsecount="0"/>
        <line num="68" count="2" type="cond" truecount="2" falsecount="0"/>
        <line num="69" count="1" type="stmt"/>
        <line num="71" count="1" type="stmt"/>
        <line num="73" count="2" type="stmt"/>
        <line num="76" count="43" type="stmt"/>
        <line num="84" count="43" type="stmt"/>
        <line num="85" count="129" type="stmt"/>
        <line num="88" count="43" type="stmt"/>
        <line num="89" count="213" type="stmt"/>
        <line num="90" count="151" type="cond" truecount="2" falsecount="0"/>
        <line num="93" count="43" type="stmt"/>
        <line num="95" count="43" type="stmt"/>
        <line num="96" count="85" type="stmt"/>
        <line num="97" count="85" type="stmt"/>
        <line num="98" count="85" type="stmt"/>
        <line num="99" count="85" type="stmt"/>
        <line num="100" count="85" type="cond" truecount="2" falsecount="0"/>
        <line num="101" count="40" type="stmt"/>
        <line num="104" count="85" type="stmt"/>
        <line num="107" count="43" type="stmt"/>
        <line num="108" count="2" type="stmt"/>
        <line num="119" count="129" type="stmt"/>
        <line num="146" count="22" type="stmt"/>
        <line num="166" count="85" type="stmt"/>
        <line num="183" count="0" type="stmt"/>
        <line num="189" count="18" type="stmt"/>
        <line num="195" count="0" type="stmt"/>
        <line num="209" count="2" type="stmt"/>
      </file>
    </package>
  </project>
</coverage>
