{"/Users/parkjihan/Documents/github/front_2nd/packages/assignment-6/src/App.tsx": {"path":"/Users/parkjihan/Documents/github/front_2nd/packages/assignment-6/src/App.tsx","statementMap":{"0":{"start":{"line":6,"column":35},"end":{"line":31,"column":null}},"1":{"start":{"line":33,"column":33},"end":{"line":46,"column":null}},"2":{"start":{"line":48,"column":12},"end":{"line":95,"column":null}},"3":{"start":{"line":49,"column":34},"end":{"line":49,"column":null}},"4":{"start":{"line":50,"column":32},"end":{"line":50,"column":null}},"5":{"start":{"line":51,"column":32},"end":{"line":51,"column":null}},"6":{"start":{"line":53,"column":30},"end":{"line":57,"column":null}},"7":{"start":{"line":54,"column":4},"end":{"line":55,"column":null}},"8":{"start":{"line":55,"column":6},"end":{"line":55,"column":null}},"9":{"start":{"line":55,"column":31},"end":{"line":55,"column":null}},"10":{"start":{"line":59,"column":27},"end":{"line":61,"column":null}},"11":{"start":{"line":60,"column":4},"end":{"line":60,"column":null}},"12":{"start":{"line":60,"column":34},"end":{"line":60,"column":null}},"13":{"start":{"line":63,"column":26},"end":{"line":65,"column":null}},"14":{"start":{"line":64,"column":4},"end":{"line":64,"column":null}},"15":{"start":{"line":64,"column":32},"end":{"line":64,"column":null}},"16":{"start":{"line":73,"column":27},"end":{"line":73,"column":null}}},"fnMap":{"0":{"name":"(anonymous_0)","decl":{"start":{"line":48,"column":12},"end":{"line":48,"column":null}},"loc":{"start":{"line":48,"column":12},"end":{"line":95,"column":null}}},"1":{"name":"(anonymous_1)","decl":{"start":{"line":53,"column":30},"end":{"line":53,"column":31}},"loc":{"start":{"line":53,"column":31},"end":{"line":57,"column":null}}},"2":{"name":"(anonymous_2)","decl":{"start":{"line":54,"column":16},"end":{"line":54,"column":17}},"loc":{"start":{"line":55,"column":6},"end":{"line":55,"column":null}}},"3":{"name":"(anonymous_3)","decl":{"start":{"line":55,"column":23},"end":{"line":55,"column":24}},"loc":{"start":{"line":55,"column":31},"end":{"line":55,"column":null}}},"4":{"name":"(anonymous_4)","decl":{"start":{"line":59,"column":27},"end":{"line":59,"column":28}},"loc":{"start":{"line":59,"column":28},"end":{"line":61,"column":null}}},"5":{"name":"(anonymous_5)","decl":{"start":{"line":60,"column":16},"end":{"line":60,"column":17}},"loc":{"start":{"line":60,"column":34},"end":{"line":60,"column":null}}},"6":{"name":"(anonymous_6)","decl":{"start":{"line":63,"column":26},"end":{"line":63,"column":27}},"loc":{"start":{"line":63,"column":27},"end":{"line":65,"column":null}}},"7":{"name":"(anonymous_7)","decl":{"start":{"line":64,"column":15},"end":{"line":64,"column":16}},"loc":{"start":{"line":64,"column":32},"end":{"line":64,"column":null}}},"8":{"name":"(anonymous_8)","decl":{"start":{"line":73,"column":21},"end":{"line":73,"column":27}},"loc":{"start":{"line":73,"column":27},"end":{"line":73,"column":null}}}},"branchMap":{"0":{"loc":{"start":{"line":55,"column":31},"end":{"line":55,"column":null}},"type":"cond-expr","locations":[{"start":{"line":55,"column":60},"end":{"line":55,"column":77}},{"start":{"line":55,"column":77},"end":{"line":55,"column":null}}]},"1":{"loc":{"start":{"line":76,"column":13},"end":{"line":76,"column":null}},"type":"cond-expr","locations":[{"start":{"line":76,"column":23},"end":{"line":76,"column":37}},{"start":{"line":76,"column":37},"end":{"line":76,"column":null}}]},"2":{"loc":{"start":{"line":82,"column":10},"end":{"line":90,"column":11}},"type":"cond-expr","locations":[{"start":{"line":82,"column":10},"end":{"line":90,"column":11}}]}},"s":{"0":0,"1":0,"2":0,"3":0,"4":0,"5":0,"6":0,"7":0,"8":0,"9":0,"10":0,"11":0,"12":0,"13":0,"14":0,"15":0,"16":0},"f":{"0":0,"1":0,"2":0,"3":0,"4":0,"5":0,"6":0,"7":0,"8":0},"b":{"0":[0,0],"1":[0,0],"2":[0]}}
,"/Users/parkjihan/Documents/github/front_2nd/packages/assignment-6/src/forLintError.ts": {"path":"/Users/parkjihan/Documents/github/front_2nd/packages/assignment-6/src/forLintError.ts","statementMap":{"0":{"start":{"line":2,"column":2},"end":{"line":2,"column":null}}},"fnMap":{"0":{"name":"forLintError","decl":{"start":{"line":1,"column":16},"end":{"line":1,"column":null}},"loc":{"start":{"line":1,"column":16},"end":{"line":3,"column":null}}}},"branchMap":{},"s":{"0":0},"f":{"0":0},"b":{}}
,"/Users/parkjihan/Documents/github/front_2nd/packages/assignment-6/src/components/AdminPage.tsx": {"path":"/Users/parkjihan/Documents/github/front_2nd/packages/assignment-6/src/components/AdminPage.tsx","statementMap":{"0":{"start":{"line":12,"column":25},"end":{"line":345,"column":2}},"1":{"start":{"line":13,"column":46},"end":{"line":13,"column":null}},"2":{"start":{"line":14,"column":46},"end":{"line":14,"column":null}},"3":{"start":{"line":15,"column":40},"end":{"line":15,"column":null}},"4":{"start":{"line":16,"column":36},"end":{"line":21,"column":null}},"5":{"start":{"line":22,"column":54},"end":{"line":22,"column":null}},"6":{"start":{"line":23,"column":38},"end":{"line":28,"column":null}},"7":{"start":{"line":30,"column":33},"end":{"line":40,"column":null}},"8":{"start":{"line":31,"column":4},"end":{"line":39,"column":null}},"9":{"start":{"line":32,"column":21},"end":{"line":32,"column":null}},"10":{"start":{"line":33,"column":6},"end":{"line":37,"column":null}},"11":{"start":{"line":34,"column":8},"end":{"line":34,"column":null}},"12":{"start":{"line":36,"column":8},"end":{"line":36,"column":null}},"13":{"start":{"line":38,"column":6},"end":{"line":38,"column":null}},"14":{"start":{"line":43,"column":28},"end":{"line":45,"column":null}},"15":{"start":{"line":44,"column":4},"end":{"line":44,"column":null}},"16":{"start":{"line":48,"column":34},"end":{"line":53,"column":null}},"17":{"start":{"line":49,"column":4},"end":{"line":52,"column":null}},"18":{"start":{"line":50,"column":29},"end":{"line":50,"column":null}},"19":{"start":{"line":51,"column":6},"end":{"line":51,"column":null}},"20":{"start":{"line":56,"column":28},"end":{"line":61,"column":null}},"21":{"start":{"line":57,"column":4},"end":{"line":60,"column":null}},"22":{"start":{"line":58,"column":29},"end":{"line":58,"column":null}},"23":{"start":{"line":59,"column":6},"end":{"line":59,"column":null}},"24":{"start":{"line":64,"column":29},"end":{"line":69,"column":null}},"25":{"start":{"line":65,"column":4},"end":{"line":68,"column":null}},"26":{"start":{"line":66,"column":6},"end":{"line":66,"column":null}},"27":{"start":{"line":67,"column":6},"end":{"line":67,"column":null}},"28":{"start":{"line":71,"column":28},"end":{"line":78,"column":null}},"29":{"start":{"line":72,"column":27},"end":{"line":72,"column":null}},"30":{"start":{"line":72,"column":46},"end":{"line":72,"column":null}},"31":{"start":{"line":73,"column":4},"end":{"line":77,"column":null}},"32":{"start":{"line":74,"column":25},"end":{"line":74,"column":null}},"33":{"start":{"line":75,"column":6},"end":{"line":75,"column":null}},"34":{"start":{"line":76,"column":6},"end":{"line":76,"column":null}},"35":{"start":{"line":80,"column":28},"end":{"line":91,"column":null}},"36":{"start":{"line":81,"column":27},"end":{"line":81,"column":null}},"37":{"start":{"line":81,"column":46},"end":{"line":81,"column":null}},"38":{"start":{"line":82,"column":4},"end":{"line":90,"column":null}},"39":{"start":{"line":83,"column":25},"end":{"line":86,"column":null}},"40":{"start":{"line":87,"column":6},"end":{"line":87,"column":null}},"41":{"start":{"line":88,"column":6},"end":{"line":88,"column":null}},"42":{"start":{"line":89,"column":6},"end":{"line":89,"column":null}},"43":{"start":{"line":93,"column":31},"end":{"line":103,"column":null}},"44":{"start":{"line":94,"column":27},"end":{"line":94,"column":null}},"45":{"start":{"line":94,"column":46},"end":{"line":94,"column":null}},"46":{"start":{"line":95,"column":4},"end":{"line":102,"column":null}},"47":{"start":{"line":96,"column":25},"end":{"line":99,"column":null}},"48":{"start":{"line":98,"column":61},"end":{"line":98,"column":null}},"49":{"start":{"line":100,"column":6},"end":{"line":100,"column":null}},"50":{"start":{"line":101,"column":6},"end":{"line":101,"column":null}},"51":{"start":{"line":105,"column":26},"end":{"line":113,"column":null}},"52":{"start":{"line":106,"column":4},"end":{"line":106,"column":null}},"53":{"start":{"line":107,"column":4},"end":{"line":112,"column":null}},"54":{"start":{"line":115,"column":30},"end":{"line":125,"column":null}},"55":{"start":{"line":116,"column":26},"end":{"line":116,"column":null}},"56":{"start":{"line":117,"column":4},"end":{"line":117,"column":null}},"57":{"start":{"line":118,"column":4},"end":{"line":123,"column":null}},"58":{"start":{"line":124,"column":4},"end":{"line":124,"column":null}},"59":{"start":{"line":134,"column":27},"end":{"line":134,"column":null}},"60":{"start":{"line":148,"column":35},"end":{"line":148,"column":null}},"61":{"start":{"line":158,"column":35},"end":{"line":158,"column":null}},"62":{"start":{"line":168,"column":35},"end":{"line":168,"column":null}},"63":{"start":{"line":185,"column":33},"end":{"line":185,"column":null}},"64":{"start":{"line":199,"column":45},"end":{"line":199,"column":null}},"65":{"start":{"line":208,"column":45},"end":{"line":208,"column":null}},"66":{"start":{"line":217,"column":45},"end":{"line":217,"column":null}},"67":{"start":{"line":228,"column":47},"end":{"line":228,"column":null}},"68":{"start":{"line":240,"column":47},"end":{"line":240,"column":null}},"69":{"start":{"line":247,"column":47},"end":{"line":247,"column":null}},"70":{"start":{"line":251,"column":45},"end":{"line":251,"column":null}},"71":{"start":{"line":274,"column":41},"end":{"line":274,"column":null}},"72":{"start":{"line":295,"column":33},"end":{"line":295,"column":null}},"73":{"start":{"line":302,"column":33},"end":{"line":302,"column":null}},"74":{"start":{"line":308,"column":35},"end":{"line":308,"column":null}},"75":{"start":{"line":318,"column":35},"end":{"line":318,"column":null}}},"fnMap":{"0":{"name":"(anonymous_0)","decl":{"start":{"line":12,"column":25},"end":{"line":12,"column":26}},"loc":{"start":{"line":12,"column":98},"end":{"line":345,"column":2}}},"1":{"name":"(anonymous_1)","decl":{"start":{"line":30,"column":33},"end":{"line":30,"column":34}},"loc":{"start":{"line":30,"column":34},"end":{"line":40,"column":null}}},"2":{"name":"(anonymous_2)","decl":{"start":{"line":31,"column":22},"end":{"line":31,"column":null}},"loc":{"start":{"line":31,"column":22},"end":{"line":39,"column":null}}},"3":{"name":"(anonymous_3)","decl":{"start":{"line":43,"column":28},"end":{"line":43,"column":29}},"loc":{"start":{"line":43,"column":29},"end":{"line":45,"column":null}}},"4":{"name":"(anonymous_4)","decl":{"start":{"line":48,"column":34},"end":{"line":48,"column":35}},"loc":{"start":{"line":48,"column":54},"end":{"line":53,"column":null}}},"5":{"name":"(anonymous_5)","decl":{"start":{"line":56,"column":28},"end":{"line":56,"column":29}},"loc":{"start":{"line":56,"column":48},"end":{"line":61,"column":null}}},"6":{"name":"(anonymous_6)","decl":{"start":{"line":64,"column":29},"end":{"line":64,"column":null}},"loc":{"start":{"line":64,"column":29},"end":{"line":69,"column":null}}},"7":{"name":"(anonymous_7)","decl":{"start":{"line":71,"column":28},"end":{"line":71,"column":29}},"loc":{"start":{"line":71,"column":48},"end":{"line":78,"column":null}}},"8":{"name":"(anonymous_8)","decl":{"start":{"line":72,"column":41},"end":{"line":72,"column":46}},"loc":{"start":{"line":72,"column":46},"end":{"line":72,"column":null}}},"9":{"name":"(anonymous_9)","decl":{"start":{"line":80,"column":28},"end":{"line":80,"column":29}},"loc":{"start":{"line":80,"column":29},"end":{"line":91,"column":null}}},"10":{"name":"(anonymous_10)","decl":{"start":{"line":81,"column":41},"end":{"line":81,"column":46}},"loc":{"start":{"line":81,"column":46},"end":{"line":81,"column":null}}},"11":{"name":"(anonymous_11)","decl":{"start":{"line":93,"column":31},"end":{"line":93,"column":32}},"loc":{"start":{"line":93,"column":51},"end":{"line":103,"column":null}}},"12":{"name":"(anonymous_12)","decl":{"start":{"line":94,"column":41},"end":{"line":94,"column":46}},"loc":{"start":{"line":94,"column":46},"end":{"line":94,"column":null}}},"13":{"name":"(anonymous_13)","decl":{"start":{"line":98,"column":51},"end":{"line":98,"column":52}},"loc":{"start":{"line":98,"column":61},"end":{"line":98,"column":null}}},"14":{"name":"(anonymous_14)","decl":{"start":{"line":105,"column":26},"end":{"line":105,"column":null}},"loc":{"start":{"line":105,"column":26},"end":{"line":113,"column":null}}},"15":{"name":"(anonymous_15)","decl":{"start":{"line":115,"column":30},"end":{"line":115,"column":null}},"loc":{"start":{"line":115,"column":30},"end":{"line":125,"column":null}}},"16":{"name":"(anonymous_16)","decl":{"start":{"line":134,"column":21},"end":{"line":134,"column":27}},"loc":{"start":{"line":134,"column":27},"end":{"line":134,"column":null}}},"17":{"name":"(anonymous_17)","decl":{"start":{"line":148,"column":28},"end":{"line":148,"column":29}},"loc":{"start":{"line":148,"column":35},"end":{"line":148,"column":null}}},"18":{"name":"(anonymous_18)","decl":{"start":{"line":158,"column":28},"end":{"line":158,"column":29}},"loc":{"start":{"line":158,"column":35},"end":{"line":158,"column":null}}},"19":{"name":"(anonymous_19)","decl":{"start":{"line":168,"column":28},"end":{"line":168,"column":29}},"loc":{"start":{"line":168,"column":35},"end":{"line":168,"column":null}}},"20":{"name":"(anonymous_21)","decl":{"start":{"line":185,"column":27},"end":{"line":185,"column":33}},"loc":{"start":{"line":185,"column":33},"end":{"line":185,"column":null}}},"21":{"name":"(anonymous_22)","decl":{"start":{"line":199,"column":38},"end":{"line":199,"column":39}},"loc":{"start":{"line":199,"column":45},"end":{"line":199,"column":null}}},"22":{"name":"(anonymous_23)","decl":{"start":{"line":208,"column":38},"end":{"line":208,"column":39}},"loc":{"start":{"line":208,"column":45},"end":{"line":208,"column":null}}},"23":{"name":"(anonymous_24)","decl":{"start":{"line":217,"column":38},"end":{"line":217,"column":39}},"loc":{"start":{"line":217,"column":45},"end":{"line":217,"column":null}}},"24":{"name":"(anonymous_26)","decl":{"start":{"line":228,"column":41},"end":{"line":228,"column":47}},"loc":{"start":{"line":228,"column":47},"end":{"line":228,"column":null}}},"25":{"name":"(anonymous_27)","decl":{"start":{"line":240,"column":40},"end":{"line":240,"column":41}},"loc":{"start":{"line":240,"column":47},"end":{"line":240,"column":null}}},"26":{"name":"(anonymous_28)","decl":{"start":{"line":247,"column":40},"end":{"line":247,"column":41}},"loc":{"start":{"line":247,"column":47},"end":{"line":247,"column":null}}},"27":{"name":"(anonymous_29)","decl":{"start":{"line":251,"column":39},"end":{"line":251,"column":45}},"loc":{"start":{"line":251,"column":45},"end":{"line":251,"column":null}}},"28":{"name":"(anonymous_31)","decl":{"start":{"line":274,"column":35},"end":{"line":274,"column":41}},"loc":{"start":{"line":274,"column":41},"end":{"line":274,"column":null}}},"29":{"name":"(anonymous_32)","decl":{"start":{"line":295,"column":26},"end":{"line":295,"column":27}},"loc":{"start":{"line":295,"column":33},"end":{"line":295,"column":null}}},"30":{"name":"(anonymous_33)","decl":{"start":{"line":302,"column":26},"end":{"line":302,"column":27}},"loc":{"start":{"line":302,"column":33},"end":{"line":302,"column":null}}},"31":{"name":"(anonymous_34)","decl":{"start":{"line":308,"column":28},"end":{"line":308,"column":29}},"loc":{"start":{"line":308,"column":35},"end":{"line":308,"column":null}}},"32":{"name":"(anonymous_35)","decl":{"start":{"line":318,"column":28},"end":{"line":318,"column":29}},"loc":{"start":{"line":318,"column":35},"end":{"line":318,"column":null}}}},"branchMap":{"0":{"loc":{"start":{"line":33,"column":6},"end":{"line":37,"column":null}},"type":"if","locations":[{"start":{"line":33,"column":6},"end":{"line":37,"column":null}},{"start":{"line":35,"column":13},"end":{"line":37,"column":null}}]},"1":{"loc":{"start":{"line":49,"column":4},"end":{"line":52,"column":null}},"type":"if","locations":[{"start":{"line":49,"column":4},"end":{"line":52,"column":null}},{"start":{},"end":{}}]},"2":{"loc":{"start":{"line":49,"column":8},"end":{"line":49,"column":59}},"type":"binary-expr","locations":[{"start":{"line":49,"column":8},"end":{"line":49,"column":26}},{"start":{"line":49,"column":26},"end":{"line":49,"column":59}}]},"3":{"loc":{"start":{"line":57,"column":4},"end":{"line":60,"column":null}},"type":"if","locations":[{"start":{"line":57,"column":4},"end":{"line":60,"column":null}},{"start":{},"end":{}}]},"4":{"loc":{"start":{"line":57,"column":8},"end":{"line":57,"column":59}},"type":"binary-expr","locations":[{"start":{"line":57,"column":8},"end":{"line":57,"column":26}},{"start":{"line":57,"column":26},"end":{"line":57,"column":59}}]},"5":{"loc":{"start":{"line":65,"column":4},"end":{"line":68,"column":null}},"type":"if","locations":[{"start":{"line":65,"column":4},"end":{"line":68,"column":null}},{"start":{},"end":{}}]},"6":{"loc":{"start":{"line":73,"column":4},"end":{"line":77,"column":null}},"type":"if","locations":[{"start":{"line":73,"column":4},"end":{"line":77,"column":null}},{"start":{},"end":{}}]},"7":{"loc":{"start":{"line":82,"column":4},"end":{"line":90,"column":null}},"type":"if","locations":[{"start":{"line":82,"column":4},"end":{"line":90,"column":null}},{"start":{},"end":{}}]},"8":{"loc":{"start":{"line":82,"column":8},"end":{"line":82,"column":42}},"type":"binary-expr","locations":[{"start":{"line":82,"column":8},"end":{"line":82,"column":26}},{"start":{"line":82,"column":26},"end":{"line":82,"column":42}}]},"9":{"loc":{"start":{"line":95,"column":4},"end":{"line":102,"column":null}},"type":"if","locations":[{"start":{"line":95,"column":4},"end":{"line":102,"column":null}},{"start":{},"end":{}}]},"10":{"loc":{"start":{"line":137,"column":13},"end":{"line":137,"column":null}},"type":"cond-expr","locations":[{"start":{"line":137,"column":34},"end":{"line":137,"column":41}},{"start":{"line":137,"column":41},"end":{"line":137,"column":null}}]},"11":{"loc":{"start":{"line":139,"column":11},"end":{"line":139,"column":null}},"type":"binary-expr","locations":[{"start":{"line":139,"column":11},"end":{"line":139,"column":null}}]},"12":{"loc":{"start":{"line":190,"column":17},"end":{"line":190,"column":null}},"type":"binary-expr","locations":[{"start":{"line":190,"column":17},"end":{"line":190,"column":null}}]},"13":{"loc":{"start":{"line":193,"column":22},"end":{"line":266,"column":23}},"type":"cond-expr","locations":[{"start":{"line":193,"column":22},"end":{"line":266,"column":23}}]},"14":{"loc":{"start":{"line":192,"column":21},"end":{"line":192,"column":71}},"type":"binary-expr","locations":[{"start":{"line":192,"column":21},"end":{"line":192,"column":39}},{"start":{"line":192,"column":39},"end":{"line":192,"column":71}}]},"15":{"loc":{"start":{"line":335,"column":21},"end":{"line":335,"column":111}},"type":"cond-expr","locations":[{"start":{"line":335,"column":56},"end":{"line":335,"column":82}},{"start":{"line":335,"column":85},"end":{"line":335,"column":111}}]}},"s":{"0":1,"1":23,"2":23,"3":23,"4":23,"5":23,"6":23,"7":23,"8":1,"9":1,"10":1,"11":0,"12":1,"13":1,"14":23,"15":2,"16":23,"17":1,"18":1,"19":1,"20":23,"21":1,"22":1,"23":1,"24":23,"25":1,"26":1,"27":1,"28":23,"29":1,"30":1,"31":1,"32":1,"33":1,"34":1,"35":23,"36":1,"37":1,"38":1,"39":1,"40":1,"41":1,"42":1,"43":23,"44":2,"45":2,"46":2,"47":2,"48":3,"49":2,"50":2,"51":23,"52":1,"53":1,"54":23,"55":1,"56":1,"57":1,"58":1,"59":1,"60":1,"61":1,"62":1,"63":1,"64":1,"65":1,"66":1,"67":2,"68":1,"69":1,"70":1,"71":2,"72":1,"73":1,"74":1,"75":1},"f":{"0":23,"1":1,"2":1,"3":2,"4":1,"5":1,"6":1,"7":1,"8":1,"9":1,"10":1,"11":2,"12":2,"13":3,"14":1,"15":1,"16":1,"17":1,"18":1,"19":1,"20":1,"21":1,"22":1,"23":1,"24":2,"25":1,"26":1,"27":1,"28":2,"29":1,"30":1,"31":1,"32":1},"b":{"0":[0,1],"1":[1,0],"2":[1,1],"3":[1,0],"4":[1,1],"5":[1,0],"6":[1,0],"7":[1,0],"8":[1,1],"9":[2,0],"10":[4,19],"11":[23],"12":[87],"13":[15],"14":[17,15],"15":[23,24]}}
,"/Users/parkjihan/Documents/github/front_2nd/packages/assignment-6/src/components/CartPage.tsx": {"path":"/Users/parkjihan/Documents/github/front_2nd/packages/assignment-6/src/components/CartPage.tsx","statementMap":{"0":{"start":{"line":9,"column":24},"end":{"line":241,"column":2}},"1":{"start":{"line":10,"column":26},"end":{"line":10,"column":null}},"2":{"start":{"line":11,"column":46},"end":{"line":11,"column":null}},"3":{"start":{"line":14,"column":20},"end":{"line":29,"column":null}},"4":{"start":{"line":15,"column":27},"end":{"line":15,"column":null}},"5":{"start":{"line":16,"column":4},"end":{"line":16,"column":null}},"6":{"start":{"line":16,"column":29},"end":{"line":16,"column":null}},"7":{"start":{"line":18,"column":4},"end":{"line":28,"column":null}},"8":{"start":{"line":19,"column":27},"end":{"line":19,"column":null}},"9":{"start":{"line":19,"column":49},"end":{"line":19,"column":79}},"10":{"start":{"line":20,"column":6},"end":{"line":26,"column":null}},"11":{"start":{"line":21,"column":8},"end":{"line":24,"column":null}},"12":{"start":{"line":22,"column":10},"end":{"line":24,"column":null}},"13":{"start":{"line":27,"column":6},"end":{"line":27,"column":null}},"14":{"start":{"line":31,"column":25},"end":{"line":33,"column":null}},"15":{"start":{"line":32,"column":4},"end":{"line":32,"column":null}},"16":{"start":{"line":32,"column":24},"end":{"line":32,"column":null}},"17":{"start":{"line":32,"column":48},"end":{"line":32,"column":null}},"18":{"start":{"line":35,"column":25},"end":{"line":46,"column":null}},"19":{"start":{"line":36,"column":4},"end":{"line":44,"column":null}},"20":{"start":{"line":37,"column":6},"end":{"line":44,"column":null}},"21":{"start":{"line":38,"column":8},"end":{"line":42,"column":null}},"22":{"start":{"line":39,"column":30},"end":{"line":39,"column":48}},"23":{"start":{"line":40,"column":34},"end":{"line":40,"column":null}},"24":{"start":{"line":41,"column":10},"end":{"line":41,"column":null}},"25":{"start":{"line":43,"column":8},"end":{"line":43,"column":null}},"26":{"start":{"line":44,"column":44},"end":{"line":44,"column":null}},"27":{"start":{"line":48,"column":25},"end":{"line":81,"column":null}},"28":{"start":{"line":49,"column":30},"end":{"line":49,"column":null}},"29":{"start":{"line":50,"column":29},"end":{"line":50,"column":null}},"30":{"start":{"line":52,"column":4},"end":{"line":62,"column":null}},"31":{"start":{"line":53,"column":24},"end":{"line":53,"column":36}},"32":{"start":{"line":54,"column":27},"end":{"line":54,"column":null}},"33":{"start":{"line":55,"column":6},"end":{"line":55,"column":null}},"34":{"start":{"line":57,"column":23},"end":{"line":59,"column":null}},"35":{"start":{"line":58,"column":8},"end":{"line":58,"column":null}},"36":{"start":{"line":61,"column":6},"end":{"line":61,"column":null}},"37":{"start":{"line":64,"column":24},"end":{"line":64,"column":null}},"38":{"start":{"line":67,"column":4},"end":{"line":74,"column":null}},"39":{"start":{"line":68,"column":6},"end":{"line":72,"column":null}},"40":{"start":{"line":69,"column":8},"end":{"line":69,"column":null}},"41":{"start":{"line":71,"column":8},"end":{"line":71,"column":null}},"42":{"start":{"line":73,"column":6},"end":{"line":73,"column":null}},"43":{"start":{"line":76,"column":4},"end":{"line":80,"column":null}},"44":{"start":{"line":84,"column":25},"end":{"line":86,"column":null}},"45":{"start":{"line":85,"column":4},"end":{"line":85,"column":null}},"46":{"start":{"line":85,"column":47},"end":{"line":85,"column":77}},"47":{"start":{"line":88,"column":28},"end":{"line":91,"column":null}},"48":{"start":{"line":89,"column":21},"end":{"line":89,"column":null}},"49":{"start":{"line":89,"column":39},"end":{"line":89,"column":69}},"50":{"start":{"line":90,"column":4},"end":{"line":90,"column":null}},"51":{"start":{"line":93,"column":69},"end":{"line":93,"column":null}},"52":{"start":{"line":95,"column":29},"end":{"line":105,"column":null}},"53":{"start":{"line":96,"column":26},"end":{"line":96,"column":38}},"54":{"start":{"line":97,"column":25},"end":{"line":97,"column":null}},"55":{"start":{"line":98,"column":26},"end":{"line":98,"column":null}},"56":{"start":{"line":99,"column":4},"end":{"line":103,"column":null}},"57":{"start":{"line":100,"column":6},"end":{"line":102,"column":null}},"58":{"start":{"line":101,"column":8},"end":{"line":101,"column":null}},"59":{"start":{"line":104,"column":4},"end":{"line":104,"column":null}},"60":{"start":{"line":107,"column":22},"end":{"line":109,"column":null}},"61":{"start":{"line":108,"column":4},"end":{"line":108,"column":null}},"62":{"start":{"line":119,"column":37},"end":{"line":119,"column":null}},"63":{"start":{"line":146,"column":35},"end":{"line":146,"column":null}},"64":{"start":{"line":166,"column":38},"end":{"line":166,"column":null}},"65":{"start":{"line":183,"column":37},"end":{"line":183,"column":null}},"66":{"start":{"line":189,"column":37},"end":{"line":189,"column":null}},"67":{"start":{"line":195,"column":37},"end":{"line":195,"column":null}},"68":{"start":{"line":209,"column":31},"end":{"line":209,"column":null}}},"fnMap":{"0":{"name":"(anonymous_0)","decl":{"start":{"line":9,"column":24},"end":{"line":9,"column":25}},"loc":{"start":{"line":9,"column":53},"end":{"line":241,"column":2}}},"1":{"name":"(anonymous_1)","decl":{"start":{"line":14,"column":20},"end":{"line":14,"column":21}},"loc":{"start":{"line":14,"column":21},"end":{"line":29,"column":null}}},"2":{"name":"(anonymous_2)","decl":{"start":{"line":18,"column":12},"end":{"line":18,"column":null}},"loc":{"start":{"line":18,"column":12},"end":{"line":28,"column":null}}},"3":{"name":"(anonymous_3)","decl":{"start":{"line":19,"column":41},"end":{"line":19,"column":49}},"loc":{"start":{"line":19,"column":49},"end":{"line":19,"column":79}}},"4":{"name":"(anonymous_4)","decl":{"start":{"line":21,"column":28},"end":{"line":21,"column":null}},"loc":{"start":{"line":22,"column":10},"end":{"line":24,"column":null}}},"5":{"name":"(anonymous_5)","decl":{"start":{"line":31,"column":25},"end":{"line":31,"column":26}},"loc":{"start":{"line":31,"column":26},"end":{"line":33,"column":null}}},"6":{"name":"(anonymous_6)","decl":{"start":{"line":32,"column":12},"end":{"line":32,"column":24}},"loc":{"start":{"line":32,"column":24},"end":{"line":32,"column":null}}},"7":{"name":"(anonymous_7)","decl":{"start":{"line":32,"column":40},"end":{"line":32,"column":48}},"loc":{"start":{"line":32,"column":48},"end":{"line":32,"column":null}}},"8":{"name":"(anonymous_8)","decl":{"start":{"line":35,"column":25},"end":{"line":35,"column":26}},"loc":{"start":{"line":35,"column":45},"end":{"line":46,"column":null}}},"9":{"name":"(anonymous_9)","decl":{"start":{"line":36,"column":12},"end":{"line":36,"column":null}},"loc":{"start":{"line":37,"column":6},"end":{"line":44,"column":null}}},"10":{"name":"(anonymous_10)","decl":{"start":{"line":37,"column":19},"end":{"line":37,"column":null}},"loc":{"start":{"line":37,"column":19},"end":{"line":44,"column":9}}},"11":{"name":"(anonymous_11)","decl":{"start":{"line":44,"column":16},"end":{"line":44,"column":17}},"loc":{"start":{"line":44,"column":44},"end":{"line":44,"column":null}}},"12":{"name":"(anonymous_12)","decl":{"start":{"line":48,"column":25},"end":{"line":48,"column":null}},"loc":{"start":{"line":48,"column":25},"end":{"line":81,"column":null}}},"13":{"name":"(anonymous_13)","decl":{"start":{"line":52,"column":17},"end":{"line":52,"column":null}},"loc":{"start":{"line":52,"column":17},"end":{"line":62,"column":null}}},"14":{"name":"(anonymous_14)","decl":{"start":{"line":57,"column":53},"end":{"line":57,"column":54}},"loc":{"start":{"line":57,"column":67},"end":{"line":59,"column":9}}},"15":{"name":"(anonymous_15)","decl":{"start":{"line":84,"column":25},"end":{"line":84,"column":26}},"loc":{"start":{"line":84,"column":26},"end":{"line":86,"column":null}}},"16":{"name":"(anonymous_16)","decl":{"start":{"line":85,"column":28},"end":{"line":85,"column":29}},"loc":{"start":{"line":85,"column":47},"end":{"line":85,"column":77}}},"17":{"name":"(anonymous_17)","decl":{"start":{"line":88,"column":28},"end":{"line":88,"column":29}},"loc":{"start":{"line":88,"column":29},"end":{"line":91,"column":null}}},"18":{"name":"(anonymous_18)","decl":{"start":{"line":89,"column":31},"end":{"line":89,"column":39}},"loc":{"start":{"line":89,"column":39},"end":{"line":89,"column":69}}},"19":{"name":"(anonymous_19)","decl":{"start":{"line":95,"column":29},"end":{"line":95,"column":30}},"loc":{"start":{"line":95,"column":30},"end":{"line":105,"column":null}}},"20":{"name":"(anonymous_20)","decl":{"start":{"line":107,"column":22},"end":{"line":107,"column":23}},"loc":{"start":{"line":107,"column":23},"end":{"line":109,"column":null}}},"21":{"name":"(anonymous_21)","decl":{"start":{"line":118,"column":26},"end":{"line":118,"column":null}},"loc":{"start":{"line":118,"column":26},"end":{"line":158,"column":null}}},"22":{"name":"(anonymous_23)","decl":{"start":{"line":146,"column":29},"end":{"line":146,"column":35}},"loc":{"start":{"line":146,"column":35},"end":{"line":146,"column":null}}},"23":{"name":"(anonymous_24)","decl":{"start":{"line":165,"column":22},"end":{"line":165,"column":null}},"loc":{"start":{"line":165,"column":22},"end":{"line":203,"column":null}}},"24":{"name":"(anonymous_25)","decl":{"start":{"line":183,"column":31},"end":{"line":183,"column":37}},"loc":{"start":{"line":183,"column":37},"end":{"line":183,"column":null}}},"25":{"name":"(anonymous_26)","decl":{"start":{"line":189,"column":31},"end":{"line":189,"column":37}},"loc":{"start":{"line":189,"column":37},"end":{"line":189,"column":null}}},"26":{"name":"(anonymous_27)","decl":{"start":{"line":195,"column":31},"end":{"line":195,"column":37}},"loc":{"start":{"line":195,"column":37},"end":{"line":195,"column":null}}},"27":{"name":"(anonymous_28)","decl":{"start":{"line":209,"column":24},"end":{"line":209,"column":25}},"loc":{"start":{"line":209,"column":31},"end":{"line":209,"column":null}}}},"branchMap":{"0":{"loc":{"start":{"line":16,"column":4},"end":{"line":16,"column":null}},"type":"if","locations":[{"start":{"line":16,"column":4},"end":{"line":16,"column":null}},{"start":{},"end":{}}]},"1":{"loc":{"start":{"line":20,"column":6},"end":{"line":26,"column":null}},"type":"if","locations":[{"start":{"line":20,"column":6},"end":{"line":26,"column":null}},{"start":{},"end":{}}]},"2":{"loc":{"start":{"line":22,"column":10},"end":{"line":24,"column":null}},"type":"cond-expr","locations":[{"start":{"line":23,"column":14},"end":{"line":23,"column":null}},{"start":{"line":24,"column":14},"end":{"line":24,"column":null}}]},"3":{"loc":{"start":{"line":38,"column":8},"end":{"line":42,"column":null}},"type":"if","locations":[{"start":{"line":38,"column":8},"end":{"line":42,"column":null}},{"start":{},"end":{}}]},"4":{"loc":{"start":{"line":41,"column":17},"end":{"line":41,"column":null}},"type":"cond-expr","locations":[{"start":{"line":41,"column":39},"end":{"line":41,"column":80}},{"start":{"line":41,"column":80},"end":{"line":41,"column":null}}]},"5":{"loc":{"start":{"line":58,"column":15},"end":{"line":58,"column":null}},"type":"cond-expr","locations":[{"start":{"line":58,"column":64},"end":{"line":58,"column":70}},{"start":{"line":58,"column":73},"end":{"line":58,"column":null}}]},"6":{"loc":{"start":{"line":58,"column":15},"end":{"line":58,"column":64}},"type":"binary-expr","locations":[{"start":{"line":58,"column":15},"end":{"line":58,"column":37}},{"start":{"line":58,"column":41},"end":{"line":58,"column":64}}]},"7":{"loc":{"start":{"line":67,"column":4},"end":{"line":74,"column":null}},"type":"if","locations":[{"start":{"line":67,"column":4},"end":{"line":74,"column":null}},{"start":{},"end":{}}]},"8":{"loc":{"start":{"line":68,"column":6},"end":{"line":72,"column":null}},"type":"if","locations":[{"start":{"line":68,"column":6},"end":{"line":72,"column":null}},{"start":{"line":70,"column":13},"end":{"line":72,"column":null}}]},"9":{"loc":{"start":{"line":90,"column":28},"end":{"line":90,"column":null}},"type":"binary-expr","locations":[{"start":{"line":90,"column":28},"end":{"line":90,"column":50}},{"start":{"line":90,"column":50},"end":{"line":90,"column":null}}]},"10":{"loc":{"start":{"line":100,"column":6},"end":{"line":102,"column":null}},"type":"if","locations":[{"start":{"line":100,"column":6},"end":{"line":102,"column":null}},{"start":{},"end":{}}]},"11":{"loc":{"start":{"line":127,"column":52},"end":{"line":127,"column":107}},"type":"cond-expr","locations":[{"start":{"line":127,"column":73},"end":{"line":127,"column":92}},{"start":{"line":127,"column":92},"end":{"line":127,"column":107}}]},"12":{"loc":{"start":{"line":130,"column":21},"end":{"line":130,"column":null}},"type":"binary-expr","locations":[{"start":{"line":130,"column":21},"end":{"line":130,"column":null}}]},"13":{"loc":{"start":{"line":136,"column":19},"end":{"line":136,"column":null}},"type":"binary-expr","locations":[{"start":{"line":136,"column":19},"end":{"line":136,"column":null}}]},"14":{"loc":{"start":{"line":148,"column":22},"end":{"line":150,"column":null}},"type":"cond-expr","locations":[{"start":{"line":149,"column":26},"end":{"line":149,"column":null}},{"start":{"line":150,"column":26},"end":{"line":150,"column":null}}]},"15":{"loc":{"start":{"line":154,"column":21},"end":{"line":154,"column":null}},"type":"cond-expr","locations":[{"start":{"line":154,"column":42},"end":{"line":154,"column":55}},{"start":{"line":154,"column":55},"end":{"line":154,"column":null}}]},"16":{"loc":{"start":{"line":174,"column":23},"end":{"line":174,"column":null}},"type":"binary-expr","locations":[{"start":{"line":174,"column":23},"end":{"line":174,"column":null}}]},"17":{"loc":{"start":{"line":215,"column":35},"end":{"line":215,"column":125}},"type":"cond-expr","locations":[{"start":{"line":215,"column":70},"end":{"line":215,"column":96}},{"start":{"line":215,"column":99},"end":{"line":215,"column":125}}]},"18":{"loc":{"start":{"line":219,"column":13},"end":{"line":219,"column":null}},"type":"binary-expr","locations":[{"start":{"line":219,"column":13},"end":{"line":219,"column":null}}]},"19":{"loc":{"start":{"line":222,"column":18},"end":{"line":222,"column":132}},"type":"cond-expr","locations":[{"start":{"line":222,"column":61},"end":{"line":222,"column":95}},{"start":{"line":222,"column":98},"end":{"line":222,"column":132}}]}},"s":{"0":1,"1":43,"2":43,"3":43,"4":22,"5":22,"6":0,"7":22,"8":22,"9":22,"10":22,"11":19,"12":19,"13":3,"14":43,"15":0,"16":0,"17":0,"18":43,"19":18,"20":18,"21":54,"22":18,"23":18,"24":18,"25":36,"26":54,"27":43,"28":43,"29":43,"30":43,"31":85,"32":85,"33":85,"34":85,"35":85,"36":85,"37":43,"38":43,"39":2,"40":1,"41":1,"42":2,"43":43,"44":43,"45":129,"46":129,"47":43,"48":151,"49":213,"50":151,"51":43,"52":43,"53":85,"54":85,"55":85,"56":85,"57":85,"58":40,"59":85,"60":43,"61":2,"62":129,"63":22,"64":85,"65":0,"66":18,"67":0,"68":2},"f":{"0":43,"1":22,"2":22,"3":22,"4":19,"5":0,"6":0,"7":0,"8":18,"9":18,"10":54,"11":54,"12":43,"13":85,"14":85,"15":129,"16":129,"17":151,"18":213,"19":85,"20":2,"21":129,"22":22,"23":85,"24":0,"25":18,"26":0,"27":2},"b":{"0":[0,22],"1":[19,3],"2":[19,0],"3":[18,36],"4":[18,0],"5":[40,45],"6":[85,40],"7":[2,41],"8":[1,1],"9":[151,47],"10":[40,45],"11":[106,23],"12":[129],"13":[129],"14":[106,23],"15":[106,23],"16":[85],"17":[43,43],"18":[43],"19":[1,1]}}
}
